<?xml version="1.0" encoding="UTF-8"?>
<!-- Generated by org.testng.reporters.JUnitReportReporter -->
<testsuite hostname="hp" name="Testpages.HomepageTest" tests="1" failures="0" timestamp="11 May 2019 06:52:33 GMT" time="137.957" errors="0">
  <testcase name="verifyhomepage" time="137.957" classname="Testpages.HomepageTest"/>
</testsuite> <!-- Testpages.HomepageTest -->
